<?xml version="1.0" encoding="UTF-8"?>
<testsuite xmlns:xsi="http://www.w3.org/2001/XMLSchema-instance" xsi:noNamespaceSchemaLocation="https://maven.apache.org/surefire/maven-surefire-plugin/xsd/surefire-test-report-3.0.xsd" version="3.0" name="com.system.BlackBoxTest.OutputWriterTest" time="0.75" tests="9" errors="0" skipped="0" failures="0">
  <properties>
[...]
</properties>
  <testcase name="singleUserScenario" classname="com.system.BlackBoxTest.OutputWriterTest" time="0.605">
    <system-out><![CDATA[Recommendations written to: C:\Users\PC\AppData\Local\Temp\rec_test_6790142006240208492.txt
]]></system-out>
    <system-err><![CDATA[Mockito is currently self-attaching to enable the inline-mock-maker. This will no longer work in future releases of the JDK. Please add Mockito as an agent to your build as described in Mockito's documentation: https://javadoc.io/doc/org.mockito/mockito-core/latest/org.mockito/org/mockito/Mockito.html#0.3
WARNING: A Java agent has been loaded dynamically (C:\Users\PC\.m2\repository\net\bytebuddy\byte-buddy-agent\1.17.7\byte-buddy-agent-1.17.7.jar)
WARNING: If a serviceability tool is in use, please run with -XX:+EnableDynamicAgentLoading to hide this warning
WARNING: If a serviceability tool is not in use, please run with -Djdk.instrument.traceUsage for more information
WARNING: Dynamic loading of agents will be disallowed by default in a future release
]]></system-err>
  </testcase>
  <testcase name="testEmptyErrorMessage" classname="com.system.BlackBoxTest.OutputWriterTest" time="0.005">
    <system-out><![CDATA[Error written to: C:\Users\PC\AppData\Local\Temp\rec_test_6790142006240208492.txt
]]></system-out>
  </testcase>
  <testcase name="testFileOverwriteBehavior" classname="com.system.BlackBoxTest.OutputWriterTest" time="0.01">
    <system-out><![CDATA[Recommendations written to: C:\Users\PC\AppData\Local\Temp\rec_test_6790142006240208492.txt
Recommendations written to: C:\Users\PC\AppData\Local\Temp\rec_test_6790142006240208492.txt
]]></system-out>
  </testcase>
  <testcase name="testEmptyUsersList" classname="com.system.BlackBoxTest.OutputWriterTest" time="0.007">
    <system-out><![CDATA[Recommendations written to: C:\Users\PC\AppData\Local\Temp\rec_test_6790142006240208492.txt
]]></system-out>
  </testcase>
  <testcase name="testNullUsersList_ThrowsException" classname="com.system.BlackBoxTest.OutputWriterTest" time="0.008"/>
  <testcase name="testNullRecommendationEngine_ThrowsException" classname="com.system.BlackBoxTest.OutputWriterTest" time="0.005"/>
  <testcase name="testNormalErrorMessage" classname="com.system.BlackBoxTest.OutputWriterTest" time="0.003">
    <system-out><![CDATA[Error written to: C:\Users\PC\AppData\Local\Temp\rec_test_6790142006240208492.txt
]]></system-out>
  </testcase>
  <testcase name="multipleUsersScenario" classname="com.system.BlackBoxTest.OutputWriterTest" time="0.007">
    <system-out><![CDATA[Recommendations written to: C:\Users\PC\AppData\Local\Temp\rec_test_6790142006240208492.txt
]]></system-out>
  </testcase>
  <testcase name="testNullErrorMessage_ThrowsException" classname="com.system.BlackBoxTest.OutputWriterTest" time="0.004"/>
</testsuite>