<?xml version="1.0" encoding="UTF-8"?>
<testsuite xmlns:xsi="http://www.w3.org/2001/XMLSchema-instance" xsi:noNamespaceSchemaLocation="https://maven.apache.org/surefire/maven-surefire-plugin/xsd/surefire-test-report-3.0.xsd" version="3.0" name="com.system.BlackBoxTest.UserValidatorTest" time="0.049" tests="14" errors="0" skipped="0" failures="0">
  <properties>
[...]
</properties>
  <testcase name="testCauseEffect_InvalidName" classname="com.system.BlackBoxTest.UserValidatorTest" time="0.013"/>
  <testcase name="testCauseEffect_InvalidId" classname="com.system.BlackBoxTest.UserValidatorTest" time="0.004"/>
  <testcase name="testDecisionTable_Rule1_FormatWrong" classname="com.system.BlackBoxTest.UserValidatorTest" time="0.002"/>
  <testcase name="testEp_ValidUserName" classname="com.system.BlackBoxTest.UserValidatorTest" time="0.004"/>
  <testcase name="testBva_UserId_LengthMinusOne" classname="com.system.BlackBoxTest.UserValidatorTest" time="0.002"/>
  <testcase name="testEp_ValidUserId" classname="com.system.BlackBoxTest.UserValidatorTest" time="0.001"/>
  <testcase name="testBva_UserId_LengthPlusOne" classname="com.system.BlackBoxTest.UserValidatorTest" time="0.003"/>
  <testcase name="testBva_UserId_LengthExact" classname="com.system.BlackBoxTest.UserValidatorTest" time="0.001"/>
  <testcase name="testDecisionTable_Rule3_HappyPath" classname="com.system.BlackBoxTest.UserValidatorTest" time="0.003"/>
  <testcase name="testCauseEffect_Success" classname="com.system.BlackBoxTest.UserValidatorTest" time="0.002"/>
  <testcase name="testStateTransition_DuplicateId" classname="com.system.BlackBoxTest.UserValidatorTest" time="0.001"/>
  <testcase name="testEp_InvalidUserName_SpecialChars" classname="com.system.BlackBoxTest.UserValidatorTest" time="0.0"/>
  <testcase name="testDecisionTable_Rule2_NotUnique" classname="com.system.BlackBoxTest.UserValidatorTest" time="0.001"/>
  <testcase name="testEp_InvalidUserName_Numbers" classname="com.system.BlackBoxTest.UserValidatorTest" time="0.0"/>
</testsuite>